<?xml version="1.0" encoding="UTF-8"?>
<testsuite xmlns:xsi="http://www.w3.org/2001/XMLSchema-instance" xsi:noNamespaceSchemaLocation="https://maven.apache.org/surefire/maven-surefire-plugin/xsd/surefire-test-report.xsd" name="com.github.rykenny.UpdateEventsTest" time="0.751" tests="1" errors="0" skipped="0" failures="0">
  <properties>
    <property name="java.specification.version" value="17"/>
    <property name="sun.cpu.isalist" value="amd64"/>
    <property name="sun.jnu.encoding" value="Cp1252"/>
    <property name="java.class.path" value="c:\Users\ryken\mma-predictor\UpdateEvents\target\test-classes;c:\Users\ryken\mma-predictor\UpdateEvents\target\classes;C:\Users\ryken\.m2\repository\junit\junit\4.11\junit-4.11.jar;C:\Users\ryken\.m2\repository\org\hamcrest\hamcrest-core\1.3\hamcrest-core-1.3.jar;C:\Users\ryken\.m2\repository\com\google\cloud\google-cloud-pubsub\1.115.5\google-cloud-pubsub-1.115.5.jar;C:\Users\ryken\.m2\repository\io\grpc\grpc-api\1.44.0\grpc-api-1.44.0.jar;C:\Users\ryken\.m2\repository\io\grpc\grpc-context\1.44.0\grpc-context-1.44.0.jar;C:\Users\ryken\.m2\repository\io\grpc\grpc-stub\1.44.0\grpc-stub-1.44.0.jar;C:\Users\ryken\.m2\repository\io\grpc\grpc-protobuf\1.44.0\grpc-protobuf-1.44.0.jar;C:\Users\ryken\.m2\repository\io\grpc\grpc-protobuf-lite\1.44.0\grpc-protobuf-lite-1.44.0.jar;C:\Users\ryken\.m2\repository\com\google\api\api-common\2.1.3\api-common-2.1.3.jar;C:\Users\ryken\.m2\repository\javax\annotation\javax.annotation-api\1.3.2\javax.annotation-api-1.3.2.jar;C:\Users\ryken\.m2\repository\com\google\protobuf\protobuf-java\3.19.3\protobuf-java-3.19.3.jar;C:\Users\ryken\.m2\repository\com\google\api\grpc\proto-google-common-protos\2.7.2\proto-google-common-protos-2.7.2.jar;C:\Users\ryken\.m2\repository\com\google\auth\google-auth-library-oauth2-http\1.4.0\google-auth-library-oauth2-http-1.4.0.jar;C:\Users\ryken\.m2\repository\com\google\auth\google-auth-library-credentials\1.4.0\google-auth-library-credentials-1.4.0.jar;C:\Users\ryken\.m2\repository\com\google\http-client\google-http-client-gson\1.41.2\google-http-client-gson-1.41.2.jar;C:\Users\ryken\.m2\repository\com\google\code\gson\gson\2.8.9\gson-2.8.9.jar;C:\Users\ryken\.m2\repository\com\google\api\grpc\proto-google-cloud-pubsub-v1\1.97.5\proto-google-cloud-pubsub-v1-1.97.5.jar;C:\Users\ryken\.m2\repository\com\google\api\grpc\proto-google-iam-v1\1.2.1\proto-google-iam-v1-1.2.1.jar;C:\Users\ryken\.m2\repository\com\google\guava\guava\31.0.1-jre\guava-31.0.1-jre.jar;C:\Users\ryken\.m2\repository\com\google\guava\failureaccess\1.0.1\failureaccess-1.0.1.jar;C:\Users\ryken\.m2\repository\com\google\guava\listenablefuture\9999.0-empty-to-avoid-conflict-with-guava\listenablefuture-9999.0-empty-to-avoid-conflict-with-guava.jar;C:\Users\ryken\.m2\repository\org\checkerframework\checker-qual\3.21.1\checker-qual-3.21.1.jar;C:\Users\ryken\.m2\repository\com\google\j2objc\j2objc-annotations\1.3\j2objc-annotations-1.3.jar;C:\Users\ryken\.m2\repository\com\google\api\gax\2.11.0\gax-2.11.0.jar;C:\Users\ryken\.m2\repository\com\google\api\gax-grpc\2.11.0\gax-grpc-2.11.0.jar;C:\Users\ryken\.m2\repository\io\grpc\grpc-alts\1.44.0\grpc-alts-1.44.0.jar;C:\Users\ryken\.m2\repository\io\grpc\grpc-grpclb\1.44.0\grpc-grpclb-1.44.0.jar;C:\Users\ryken\.m2\repository\org\conscrypt\conscrypt-openjdk-uber\2.5.1\conscrypt-openjdk-uber-2.5.1.jar;C:\Users\ryken\.m2\repository\io\grpc\grpc-auth\1.44.0\grpc-auth-1.44.0.jar;C:\Users\ryken\.m2\repository\io\grpc\grpc-netty-shaded\1.44.0\grpc-netty-shaded-1.44.0.jar;C:\Users\ryken\.m2\repository\io\grpc\grpc-xds\1.44.0\grpc-xds-1.44.0.jar;C:\Users\ryken\.m2\repository\io\grpc\grpc-services\1.44.0\grpc-services-1.44.0.jar;C:\Users\ryken\.m2\repository\com\google\re2j\re2j\1.5\re2j-1.5.jar;C:\Users\ryken\.m2\repository\org\bouncycastle\bcpkix-jdk15on\1.67\bcpkix-jdk15on-1.67.jar;C:\Users\ryken\.m2\repository\org\bouncycastle\bcprov-jdk15on\1.67\bcprov-jdk15on-1.67.jar;C:\Users\ryken\.m2\repository\io\opencensus\opencensus-proto\0.2.0\opencensus-proto-0.2.0.jar;C:\Users\ryken\.m2\repository\com\google\protobuf\protobuf-java-util\3.19.3\protobuf-java-util-3.19.3.jar;C:\Users\ryken\.m2\repository\org\threeten\threetenbp\1.5.2\threetenbp-1.5.2.jar;C:\Users\ryken\.m2\repository\com\google\code\findbugs\jsr305\3.0.2\jsr305-3.0.2.jar;C:\Users\ryken\.m2\repository\io\opencensus\opencensus-api\0.31.0\opencensus-api-0.31.0.jar;C:\Users\ryken\.m2\repository\io\grpc\grpc-core\1.44.0\grpc-core-1.44.0.jar;C:\Users\ryken\.m2\repository\com\google\android\annotations\4.1.1.4\annotations-4.1.1.4.jar;C:\Users\ryken\.m2\repository\org\codehaus\mojo\animal-sniffer-annotations\1.20\animal-sniffer-annotations-1.20.jar;C:\Users\ryken\.m2\repository\io\perfmark\perfmark-api\0.23.0\perfmark-api-0.23.0.jar;C:\Users\ryken\.m2\repository\com\google\errorprone\error_prone_annotations\2.11.0\error_prone_annotations-2.11.0.jar;C:\Users\ryken\.m2\repository\com\google\auto\value\auto-value-annotations\1.9\auto-value-annotations-1.9.jar;C:\Users\ryken\.m2\repository\com\google\http-client\google-http-client\1.41.2\google-http-client-1.41.2.jar;C:\Users\ryken\.m2\repository\org\apache\httpcomponents\httpclient\4.5.13\httpclient-4.5.13.jar;C:\Users\ryken\.m2\repository\commons-logging\commons-logging\1.2\commons-logging-1.2.jar;C:\Users\ryken\.m2\repository\commons-codec\commons-codec\1.15\commons-codec-1.15.jar;C:\Users\ryken\.m2\repository\org\apache\httpcomponents\httpcore\4.4.15\httpcore-4.4.15.jar;C:\Users\ryken\.m2\repository\io\opencensus\opencensus-contrib-http-util\0.31.0\opencensus-contrib-http-util-0.31.0.jar;C:\Users\ryken\.m2\repository\com\google\cloud\functions\functions-framework-api\1.0.4\functions-framework-api-1.0.4.jar;C:\Users\ryken\.m2\repository\io\cloudevents\cloudevents-api\2.0.0.RC2\cloudevents-api-2.0.0.RC2.jar;C:\Users\ryken\.m2\repository\net\sourceforge\htmlunit\htmlunit\2.41.0\htmlunit-2.41.0.jar;C:\Users\ryken\.m2\repository\xalan\xalan\2.7.2\xalan-2.7.2.jar;C:\Users\ryken\.m2\repository\xalan\serializer\2.7.2\serializer-2.7.2.jar;C:\Users\ryken\.m2\repository\org\apache\commons\commons-lang3\3.10\commons-lang3-3.10.jar;C:\Users\ryken\.m2\repository\org\apache\commons\commons-text\1.8\commons-text-1.8.jar;C:\Users\ryken\.m2\repository\org\apache\httpcomponents\httpmime\4.5.12\httpmime-4.5.12.jar;C:\Users\ryken\.m2\repository\net\sourceforge\htmlunit\htmlunit-core-js\2.41.0\htmlunit-core-js-2.41.0.jar;C:\Users\ryken\.m2\repository\net\sourceforge\htmlunit\neko-htmlunit\2.41.0\neko-htmlunit-2.41.0.jar;C:\Users\ryken\.m2\repository\xerces\xercesImpl\2.12.0\xercesImpl-2.12.0.jar;C:\Users\ryken\.m2\repository\xml-apis\xml-apis\1.4.01\xml-apis-1.4.01.jar;C:\Users\ryken\.m2\repository\net\sourceforge\htmlunit\htmlunit-cssparser\1.5.0\htmlunit-cssparser-1.5.0.jar;C:\Users\ryken\.m2\repository\commons-io\commons-io\2.7\commons-io-2.7.jar;C:\Users\ryken\.m2\repository\commons-net\commons-net\3.6\commons-net-3.6.jar;C:\Users\ryken\.m2\repository\org\brotli\dec\0.1.2\dec-0.1.2.jar;C:\Users\ryken\.m2\repository\com\shapesecurity\salvation\2.7.2\salvation-2.7.2.jar;C:\Users\ryken\.m2\repository\org\eclipse\jetty\websocket\websocket-client\9.4.29.v20200521\websocket-client-9.4.29.v20200521.jar;C:\Users\ryken\.m2\repository\org\eclipse\jetty\jetty-client\9.4.29.v20200521\jetty-client-9.4.29.v20200521.jar;C:\Users\ryken\.m2\repository\org\eclipse\jetty\jetty-http\9.4.29.v20200521\jetty-http-9.4.29.v20200521.jar;C:\Users\ryken\.m2\repository\org\eclipse\jetty\jetty-xml\9.4.29.v20200521\jetty-xml-9.4.29.v20200521.jar;C:\Users\ryken\.m2\repository\org\eclipse\jetty\jetty-util\9.4.29.v20200521\jetty-util-9.4.29.v20200521.jar;C:\Users\ryken\.m2\repository\org\eclipse\jetty\jetty-io\9.4.29.v20200521\jetty-io-9.4.29.v20200521.jar;C:\Users\ryken\.m2\repository\org\eclipse\jetty\websocket\websocket-common\9.4.29.v20200521\websocket-common-9.4.29.v20200521.jar;C:\Users\ryken\.m2\repository\org\eclipse\jetty\websocket\websocket-api\9.4.29.v20200521\websocket-api-9.4.29.v20200521.jar;"/>
    <property name="java.vm.vendor" value="Eclipse Adoptium"/>
    <property name="sun.arch.data.model" value="64"/>
    <property name="user.variant" value=""/>
    <property name="java.vendor.url" value="https://adoptium.net/"/>
    <property name="user.timezone" value="America/New_York"/>
    <property name="os.name" value="Windows 10"/>
    <property name="java.vm.specification.version" value="17"/>
    <property name="sun.java.launcher" value="SUN_STANDARD"/>
    <property name="user.country" value="US"/>
    <property name="sun.boot.library.path" value="C:\Program Files\Eclipse Adoptium\jdk-17.0.2.8-hotspot\bin"/>
    <property name="sun.java.command" value="C:\Users\ryken\AppData\Local\Temp\surefire2292902751743183893\surefirebooter3281556824076942215.jar C:\Users\ryken\AppData\Local\Temp\surefire2292902751743183893 2022-02-27T19-07-38_303-jvmRun1 surefire6041400721611896190tmp surefire_014019359162457245209tmp"/>
    <property name="jdk.debug" value="release"/>
    <property name="surefire.test.class.path" value="c:\Users\ryken\mma-predictor\UpdateEvents\target\test-classes;c:\Users\ryken\mma-predictor\UpdateEvents\target\classes;C:\Users\ryken\.m2\repository\junit\junit\4.11\junit-4.11.jar;C:\Users\ryken\.m2\repository\org\hamcrest\hamcrest-core\1.3\hamcrest-core-1.3.jar;C:\Users\ryken\.m2\repository\com\google\cloud\google-cloud-pubsub\1.115.5\google-cloud-pubsub-1.115.5.jar;C:\Users\ryken\.m2\repository\io\grpc\grpc-api\1.44.0\grpc-api-1.44.0.jar;C:\Users\ryken\.m2\repository\io\grpc\grpc-context\1.44.0\grpc-context-1.44.0.jar;C:\Users\ryken\.m2\repository\io\grpc\grpc-stub\1.44.0\grpc-stub-1.44.0.jar;C:\Users\ryken\.m2\repository\io\grpc\grpc-protobuf\1.44.0\grpc-protobuf-1.44.0.jar;C:\Users\ryken\.m2\repository\io\grpc\grpc-protobuf-lite\1.44.0\grpc-protobuf-lite-1.44.0.jar;C:\Users\ryken\.m2\repository\com\google\api\api-common\2.1.3\api-common-2.1.3.jar;C:\Users\ryken\.m2\repository\javax\annotation\javax.annotation-api\1.3.2\javax.annotation-api-1.3.2.jar;C:\Users\ryken\.m2\repository\com\google\protobuf\protobuf-java\3.19.3\protobuf-java-3.19.3.jar;C:\Users\ryken\.m2\repository\com\google\api\grpc\proto-google-common-protos\2.7.2\proto-google-common-protos-2.7.2.jar;C:\Users\ryken\.m2\repository\com\google\auth\google-auth-library-oauth2-http\1.4.0\google-auth-library-oauth2-http-1.4.0.jar;C:\Users\ryken\.m2\repository\com\google\auth\google-auth-library-credentials\1.4.0\google-auth-library-credentials-1.4.0.jar;C:\Users\ryken\.m2\repository\com\google\http-client\google-http-client-gson\1.41.2\google-http-client-gson-1.41.2.jar;C:\Users\ryken\.m2\repository\com\google\code\gson\gson\2.8.9\gson-2.8.9.jar;C:\Users\ryken\.m2\repository\com\google\api\grpc\proto-google-cloud-pubsub-v1\1.97.5\proto-google-cloud-pubsub-v1-1.97.5.jar;C:\Users\ryken\.m2\repository\com\google\api\grpc\proto-google-iam-v1\1.2.1\proto-google-iam-v1-1.2.1.jar;C:\Users\ryken\.m2\repository\com\google\guava\guava\31.0.1-jre\guava-31.0.1-jre.jar;C:\Users\ryken\.m2\repository\com\google\guava\failureaccess\1.0.1\failureaccess-1.0.1.jar;C:\Users\ryken\.m2\repository\com\google\guava\listenablefuture\9999.0-empty-to-avoid-conflict-with-guava\listenablefuture-9999.0-empty-to-avoid-conflict-with-guava.jar;C:\Users\ryken\.m2\repository\org\checkerframework\checker-qual\3.21.1\checker-qual-3.21.1.jar;C:\Users\ryken\.m2\repository\com\google\j2objc\j2objc-annotations\1.3\j2objc-annotations-1.3.jar;C:\Users\ryken\.m2\repository\com\google\api\gax\2.11.0\gax-2.11.0.jar;C:\Users\ryken\.m2\repository\com\google\api\gax-grpc\2.11.0\gax-grpc-2.11.0.jar;C:\Users\ryken\.m2\repository\io\grpc\grpc-alts\1.44.0\grpc-alts-1.44.0.jar;C:\Users\ryken\.m2\repository\io\grpc\grpc-grpclb\1.44.0\grpc-grpclb-1.44.0.jar;C:\Users\ryken\.m2\repository\org\conscrypt\conscrypt-openjdk-uber\2.5.1\conscrypt-openjdk-uber-2.5.1.jar;C:\Users\ryken\.m2\repository\io\grpc\grpc-auth\1.44.0\grpc-auth-1.44.0.jar;C:\Users\ryken\.m2\repository\io\grpc\grpc-netty-shaded\1.44.0\grpc-netty-shaded-1.44.0.jar;C:\Users\ryken\.m2\repository\io\grpc\grpc-xds\1.44.0\grpc-xds-1.44.0.jar;C:\Users\ryken\.m2\repository\io\grpc\grpc-services\1.44.0\grpc-services-1.44.0.jar;C:\Users\ryken\.m2\repository\com\google\re2j\re2j\1.5\re2j-1.5.jar;C:\Users\ryken\.m2\repository\org\bouncycastle\bcpkix-jdk15on\1.67\bcpkix-jdk15on-1.67.jar;C:\Users\ryken\.m2\repository\org\bouncycastle\bcprov-jdk15on\1.67\bcprov-jdk15on-1.67.jar;C:\Users\ryken\.m2\repository\io\opencensus\opencensus-proto\0.2.0\opencensus-proto-0.2.0.jar;C:\Users\ryken\.m2\repository\com\google\protobuf\protobuf-java-util\3.19.3\protobuf-java-util-3.19.3.jar;C:\Users\ryken\.m2\repository\org\threeten\threetenbp\1.5.2\threetenbp-1.5.2.jar;C:\Users\ryken\.m2\repository\com\google\code\findbugs\jsr305\3.0.2\jsr305-3.0.2.jar;C:\Users\ryken\.m2\repository\io\opencensus\opencensus-api\0.31.0\opencensus-api-0.31.0.jar;C:\Users\ryken\.m2\repository\io\grpc\grpc-core\1.44.0\grpc-core-1.44.0.jar;C:\Users\ryken\.m2\repository\com\google\android\annotations\4.1.1.4\annotations-4.1.1.4.jar;C:\Users\ryken\.m2\repository\org\codehaus\mojo\animal-sniffer-annotations\1.20\animal-sniffer-annotations-1.20.jar;C:\Users\ryken\.m2\repository\io\perfmark\perfmark-api\0.23.0\perfmark-api-0.23.0.jar;C:\Users\ryken\.m2\repository\com\google\errorprone\error_prone_annotations\2.11.0\error_prone_annotations-2.11.0.jar;C:\Users\ryken\.m2\repository\com\google\auto\value\auto-value-annotations\1.9\auto-value-annotations-1.9.jar;C:\Users\ryken\.m2\repository\com\google\http-client\google-http-client\1.41.2\google-http-client-1.41.2.jar;C:\Users\ryken\.m2\repository\org\apache\httpcomponents\httpclient\4.5.13\httpclient-4.5.13.jar;C:\Users\ryken\.m2\repository\commons-logging\commons-logging\1.2\commons-logging-1.2.jar;C:\Users\ryken\.m2\repository\commons-codec\commons-codec\1.15\commons-codec-1.15.jar;C:\Users\ryken\.m2\repository\org\apache\httpcomponents\httpcore\4.4.15\httpcore-4.4.15.jar;C:\Users\ryken\.m2\repository\io\opencensus\opencensus-contrib-http-util\0.31.0\opencensus-contrib-http-util-0.31.0.jar;C:\Users\ryken\.m2\repository\com\google\cloud\functions\functions-framework-api\1.0.4\functions-framework-api-1.0.4.jar;C:\Users\ryken\.m2\repository\io\cloudevents\cloudevents-api\2.0.0.RC2\cloudevents-api-2.0.0.RC2.jar;C:\Users\ryken\.m2\repository\net\sourceforge\htmlunit\htmlunit\2.41.0\htmlunit-2.41.0.jar;C:\Users\ryken\.m2\repository\xalan\xalan\2.7.2\xalan-2.7.2.jar;C:\Users\ryken\.m2\repository\xalan\serializer\2.7.2\serializer-2.7.2.jar;C:\Users\ryken\.m2\repository\org\apache\commons\commons-lang3\3.10\commons-lang3-3.10.jar;C:\Users\ryken\.m2\repository\org\apache\commons\commons-text\1.8\commons-text-1.8.jar;C:\Users\ryken\.m2\repository\org\apache\httpcomponents\httpmime\4.5.12\httpmime-4.5.12.jar;C:\Users\ryken\.m2\repository\net\sourceforge\htmlunit\htmlunit-core-js\2.41.0\htmlunit-core-js-2.41.0.jar;C:\Users\ryken\.m2\repository\net\sourceforge\htmlunit\neko-htmlunit\2.41.0\neko-htmlunit-2.41.0.jar;C:\Users\ryken\.m2\repository\xerces\xercesImpl\2.12.0\xercesImpl-2.12.0.jar;C:\Users\ryken\.m2\repository\xml-apis\xml-apis\1.4.01\xml-apis-1.4.01.jar;C:\Users\ryken\.m2\repository\net\sourceforge\htmlunit\htmlunit-cssparser\1.5.0\htmlunit-cssparser-1.5.0.jar;C:\Users\ryken\.m2\repository\commons-io\commons-io\2.7\commons-io-2.7.jar;C:\Users\ryken\.m2\repository\commons-net\commons-net\3.6\commons-net-3.6.jar;C:\Users\ryken\.m2\repository\org\brotli\dec\0.1.2\dec-0.1.2.jar;C:\Users\ryken\.m2\repository\com\shapesecurity\salvation\2.7.2\salvation-2.7.2.jar;C:\Users\ryken\.m2\repository\org\eclipse\jetty\websocket\websocket-client\9.4.29.v20200521\websocket-client-9.4.29.v20200521.jar;C:\Users\ryken\.m2\repository\org\eclipse\jetty\jetty-client\9.4.29.v20200521\jetty-client-9.4.29.v20200521.jar;C:\Users\ryken\.m2\repository\org\eclipse\jetty\jetty-http\9.4.29.v20200521\jetty-http-9.4.29.v20200521.jar;C:\Users\ryken\.m2\repository\org\eclipse\jetty\jetty-xml\9.4.29.v20200521\jetty-xml-9.4.29.v20200521.jar;C:\Users\ryken\.m2\repository\org\eclipse\jetty\jetty-util\9.4.29.v20200521\jetty-util-9.4.29.v20200521.jar;C:\Users\ryken\.m2\repository\org\eclipse\jetty\jetty-io\9.4.29.v20200521\jetty-io-9.4.29.v20200521.jar;C:\Users\ryken\.m2\repository\org\eclipse\jetty\websocket\websocket-common\9.4.29.v20200521\websocket-common-9.4.29.v20200521.jar;C:\Users\ryken\.m2\repository\org\eclipse\jetty\websocket\websocket-api\9.4.29.v20200521\websocket-api-9.4.29.v20200521.jar;"/>
    <property name="sun.cpu.endian" value="little"/>
    <property name="user.home" value="C:\Users\ryken"/>
    <property name="user.language" value="en"/>
    <property name="java.specification.vendor" value="Oracle Corporation"/>
    <property name="java.version.date" value="2022-01-18"/>
    <property name="java.home" value="C:\Program Files\Eclipse Adoptium\jdk-17.0.2.8-hotspot"/>
    <property name="file.separator" value="\"/>
    <property name="basedir" value="c:\Users\ryken\mma-predictor\UpdateEvents"/>
    <property name="java.vm.compressedOopsMode" value="32-bit"/>
    <property name="line.separator" value="&#10;"/>
    <property name="java.vm.specification.vendor" value="Oracle Corporation"/>
    <property name="java.specification.name" value="Java Platform API Specification"/>
    <property name="surefire.real.class.path" value="C:\Users\ryken\AppData\Local\Temp\surefire2292902751743183893\surefirebooter3281556824076942215.jar"/>
    <property name="user.script" value=""/>
    <property name="sun.management.compiler" value="HotSpot 64-Bit Tiered Compilers"/>
    <property name="java.runtime.version" value="17.0.2+8"/>
    <property name="user.name" value="ryken"/>
    <property name="path.separator" value=";"/>
    <property name="os.version" value="10.0"/>
    <property name="java.runtime.name" value="OpenJDK Runtime Environment"/>
    <property name="file.encoding" value="Cp1252"/>
    <property name="java.vm.name" value="OpenJDK 64-Bit Server VM"/>
    <property name="java.vendor.version" value="Temurin-17.0.2+8"/>
    <property name="localRepository" value="C:\Users\ryken\.m2\repository"/>
    <property name="java.vendor.url.bug" value="https://github.com/adoptium/adoptium-support/issues"/>
    <property name="java.io.tmpdir" value="C:\Users\ryken\AppData\Local\Temp\"/>
    <property name="java.version" value="17.0.2"/>
    <property name="user.dir" value="c:\Users\ryken\mma-predictor\UpdateEvents"/>
    <property name="os.arch" value="amd64"/>
    <property name="java.vm.specification.name" value="Java Virtual Machine Specification"/>
    <property name="sun.os.patch.level" value=""/>
    <property name="native.encoding" value="Cp1252"/>
    <property name="java.library.path" value="C:\Program Files\Eclipse Adoptium\jdk-17.0.2.8-hotspot\bin;C:\WINDOWS\Sun\Java\bin;C:\WINDOWS\system32;C:\WINDOWS;C:\Users\ryken\AppData\Local\cloud-code\installer\google-cloud-sdk\bin;C:\Program Files (x86)\Common Files\Oracle\Java\javapath;C:\Program Files\Eclipse Adoptium\jdk-17.0.2.8-hotspot\bin;C:\WINDOWS\system32;C:\WINDOWS;C:\WINDOWS\System32\Wbem;C:\WINDOWS\System32\WindowsPowerShell\v1.0\;C:\WINDOWS\System32\OpenSSH\;C:\Program Files\Git\cmd;C:\Users\ryken\scoop\shims;C:\Users\ryken\AppData\Local\Microsoft\WindowsApps;C:\Users\ryken\AppData\Local\Programs\Microsoft VS Code\bin;C:\Users\ryken\AppData\Local\Google\Cloud SDK\google-cloud-sdk\bin;C:\Program Files\apache-maven-3.8.4\bin;;."/>
    <property name="java.vm.info" value="mixed mode, sharing"/>
    <property name="java.vendor" value="Eclipse Adoptium"/>
    <property name="java.vm.version" value="17.0.2+8"/>
    <property name="sun.io.unicode.encoding" value="UnicodeLittle"/>
    <property name="java.class.version" value="61.0"/>
  </properties>
  <testcase name="testExceptions" classname="com.github.rykenny.UpdateEventsTest" time="0.71"/>
</testsuite>